<?xml version="1.0" encoding="UTF-8"?>
<!-- Generated by org.testng.reporters.JUnitReportReporter -->
<testsuite hostname="RS-E2U-PC030" failures="0" tests="3" name="qa.testcases.LoginPageTest" time="12.306" errors="0" timestamp="2021-04-26T20:44:59 CEST" skipped="0">
  <testcase classname="qa.testcases.LoginPageTest" name="LoginPageTitleTest" time="4.946"/>
  <system-out/>
  <testcase classname="qa.testcases.LoginPageTest" name="LogoImgTest" time="3.973"/>
  <system-out/>
  <testcase classname="qa.testcases.LoginPageTest" name="loginTest" time="3.387"/>
  <system-out/>
</testsuite> <!-- qa.testcases.LoginPageTest -->
